<?xml version="1.0" ?>
<testsuites disabled="0" errors="0" failures="25" tests="25" time="0.0">
	<testsuite disabled="0" errors="0" failures="25" name="notes" skipped="0" tests="25" time="0">
		<testcase name="note000">
			<failure message="Note  More than one element matching '#sec:instructions-groupname'.RelativeLocation(index.html#add-id-a-140660700157072)Location unknownCreated by function n/a()   in module n/a" type="failure"/>
		</testcase>
		<testcase name="note001">
			<failure message="Note  I do not know what is indicated by the link '#instructions-real-time-object-detection'.RelativeLocation(real_time_object_detection_final_report.html#add-id-a-140660715721808)Location unknownCreated by function n/a()   in module n/a" type="failure"/>
		</testcase>
		<testcase name="note002">
			<failure message="Note  More than one element matching '#sec:instructions-groupname'.RelativeLocation(index.html#add-id-a-140660700130384)Location unknownCreated by function n/a()   in module n/a" type="failure"/>
		</testcase>
		<testcase name="note003">
			<failure message="Note  substituting_empty_links: Could not find attributes label-name or label-what-number in &lt;h1 github-blob-url=&quot;https://github.com///github.com/sophiechaudonneret/course-extra/blob/daffy/book/course-extra/70_montreal_2020/10_project_reports_montreal_2020/03-real-time-object-detection/02_instructions-real-time-object-detection.md&quot; github-edit-url=&quot;https://github.com///github.com/sophiechaudonneret/course-extra/edit/daffy/book/course-extra/70_montreal_2020/10_project_reports_montreal_2020/03-real-time-object-detection/02_instructions-real-time-object-detection.md&quot; github-last-modified-author=&quot;sophiechaudonneret&quot; github-last-modified-days=&quot;0&quot; id=&quot;sec:instructions-groupname&quot; id-short=&quot;instructions-groupname&quot; status=&quot;ready&quot;&gt; ... &lt;/h1&gt;These are the locations indicated:   original: RelativeLocation(instructions_groupname.html#sec:instructions-groupname)  reference: RelativeLocation(index.html#add-id-a-140660700157072)Created by function n/a()   in module n/a" type="failure"/>
		</testcase>
		<testcase name="note004">
			<failure message="Note  substituting_empty_links: Could not find attributes label-name or label-what-number in &lt;h1 github-blob-url=&quot;https://github.com///github.com/sophiechaudonneret/course-extra/blob/daffy/book/course-extra/70_montreal_2020/10_project_reports_montreal_2020/03-real-time-object-detection/02_instructions-real-time-object-detection.md&quot; github-edit-url=&quot;https://github.com///github.com/sophiechaudonneret/course-extra/edit/daffy/book/course-extra/70_montreal_2020/10_project_reports_montreal_2020/03-real-time-object-detection/02_instructions-real-time-object-detection.md&quot; github-last-modified-author=&quot;sophiechaudonneret&quot; github-last-modified-days=&quot;0&quot; id=&quot;sec:instructions-groupname&quot; id-short=&quot;instructions-groupname&quot; status=&quot;ready&quot;&gt; ... &lt;/h1&gt;These are the locations indicated:   original: RelativeLocation(instructions_groupname.html#sec:instructions-groupname)  reference: RelativeLocation(index.html#add-id-a-140660700130384)Created by function n/a()   in module n/a" type="failure"/>
		</testcase>
		<testcase name="note005">
			<failure message="Note    This link is empty:        &lt;a class=&quot;toc_link toc_link-depth-4 number_name toc_a_for_sec&quot; href=&quot;#sec:instructions-groupname&quot; id=&quot;add-id-a-140660700157072&quot;&gt;&lt;/a&gt;    It might be that the writer intended for this  link to point to something, but they got the syntax wrong.        href = #sec:instructions-groupname    As a reminder, to refer to other parts of the document, use  the syntax &quot;#ID&quot;, such as:        See [](#fig:my-figure).        See [](#section-name).    RelativeLocation(index.html#add-id-a-140660700157072)Created by function n/a()   in module n/a" type="failure"/>
		</testcase>
		<testcase name="note006">
			<failure message="Note    This link is empty:        &lt;a class=&quot;toc_link toc_link-depth-4 number_name toc_a_for_sec&quot; href=&quot;#sec:instructions-groupname&quot; id=&quot;add-id-a-140660700130384&quot;&gt;&lt;/a&gt;    It might be that the writer intended for this  link to point to something, but they got the syntax wrong.        href = #sec:instructions-groupname    As a reminder, to refer to other parts of the document, use  the syntax &quot;#ID&quot;, such as:        See [](#fig:my-figure).        See [](#section-name).    RelativeLocation(index.html#add-id-a-140660700130384)Created by function n/a()   in module n/a" type="failure"/>
		</testcase>
		<testcase name="note007">
			<failure message="Note  Repeated use of ID &quot;instructions-groupname:section&quot;These are the locations indicated:  repeated-use: RelativeLocation(instructions_groupname_duplicate_140660700469072.html#instructions-groupname:section-duplicate-140660700469072)  original-use: RelativeLocation(instructions_groupname.html#instructions-groupname:section)Created by function n/a()   in module n/a" type="failure"/>
		</testcase>
		<testcase name="note008">
			<failure message="Note  Repeated use of ID &quot;sec:instructions-groupname&quot;These are the locations indicated:  repeated-use: RelativeLocation(instructions_groupname_duplicate_140660700469072.html#sec:instructions-groupname-duplicate-140660700945936)  original-use: RelativeLocation(instructions_groupname.html#sec:instructions-groupname)Created by function n/a()   in module n/a" type="failure"/>
		</testcase>
		<testcase name="note009">
			<failure message="Note  Repeated use of ID &quot;demo-groupname-expected:section&quot;These are the locations indicated:  repeated-use: RelativeLocation(instructions_groupname_duplicate_140660700469072.html#demo-groupname-expected:section-duplicate-140660700597776)  original-use: RelativeLocation(instructions_groupname.html#demo-groupname-expected:section)Created by function n/a()   in module n/a" type="failure"/>
		</testcase>
		<testcase name="note010">
			<failure message="Note  Repeated use of ID &quot;sub:demo-groupname-expected&quot;These are the locations indicated:  repeated-use: RelativeLocation(instructions_groupname_duplicate_140660700469072.html#sub:demo-groupname-expected-duplicate-140660700523408)  original-use: RelativeLocation(instructions_groupname.html#sub:demo-groupname-expected)Created by function n/a()   in module n/a" type="failure"/>
		</testcase>
		<testcase name="note011">
			<failure message="Note  Repeated use of ID &quot;demo-groupname-laptop-setup:section&quot;These are the locations indicated:  repeated-use: RelativeLocation(instructions_groupname_duplicate_140660700469072.html#demo-groupname-laptop-setup:section-duplicate-140660700597904)  original-use: RelativeLocation(instructions_groupname.html#demo-groupname-laptop-setup:section)Created by function n/a()   in module n/a" type="failure"/>
		</testcase>
		<testcase name="note012">
			<failure message="Note  Repeated use of ID &quot;sub:demo-groupname-laptop-setup&quot;These are the locations indicated:  repeated-use: RelativeLocation(instructions_groupname_duplicate_140660700469072.html#sub:demo-groupname-laptop-setup-duplicate-140660700524368)  original-use: RelativeLocation(instructions_groupname.html#sub:demo-groupname-laptop-setup)Created by function n/a()   in module n/a" type="failure"/>
		</testcase>
		<testcase name="note013">
			<failure message="Note  Repeated use of ID &quot;demo-groupname-duckietown-setup:section&quot;These are the locations indicated:  repeated-use: RelativeLocation(instructions_groupname_duplicate_140660700469072.html#demo-groupname-duckietown-setup:section-duplicate-140660700598032)  original-use: RelativeLocation(instructions_groupname.html#demo-groupname-duckietown-setup:section)Created by function n/a()   in module n/a" type="failure"/>
		</testcase>
		<testcase name="note014">
			<failure message="Note  Repeated use of ID &quot;sub:demo-groupname-duckietown-setup&quot;These are the locations indicated:  repeated-use: RelativeLocation(instructions_groupname_duplicate_140660700469072.html#sub:demo-groupname-duckietown-setup-duplicate-140660700520592)  original-use: RelativeLocation(instructions_groupname.html#sub:demo-groupname-duckietown-setup)Created by function n/a()   in module n/a" type="failure"/>
		</testcase>
		<testcase name="note015">
			<failure message="Note  Repeated use of ID &quot;demo-groupname-duckiebot-setup:section&quot;These are the locations indicated:  repeated-use: RelativeLocation(instructions_groupname_duplicate_140660700469072.html#demo-groupname-duckiebot-setup:section-duplicate-140660700663888)  original-use: RelativeLocation(instructions_groupname.html#demo-groupname-duckiebot-setup:section)Created by function n/a()   in module n/a" type="failure"/>
		</testcase>
		<testcase name="note016">
			<failure message="Note  Repeated use of ID &quot;sub:demo-groupname-duckiebot-setup&quot;These are the locations indicated:  repeated-use: RelativeLocation(instructions_groupname_duplicate_140660700469072.html#sub:demo-groupname-duckiebot-setup-duplicate-140660700597072)  original-use: RelativeLocation(instructions_groupname.html#sub:demo-groupname-duckiebot-setup)Created by function n/a()   in module n/a" type="failure"/>
		</testcase>
		<testcase name="note017">
			<failure message="Note  Repeated use of ID &quot;demo-groupname-pre-flight:section&quot;These are the locations indicated:  repeated-use: RelativeLocation(instructions_groupname_duplicate_140660700469072.html#demo-groupname-pre-flight:section-duplicate-140660700664400)  original-use: RelativeLocation(instructions_groupname.html#demo-groupname-pre-flight:section)Created by function n/a()   in module n/a" type="failure"/>
		</testcase>
		<testcase name="note018">
			<failure message="Note  Repeated use of ID &quot;sub:demo-groupname-pre-flight&quot;These are the locations indicated:  repeated-use: RelativeLocation(instructions_groupname_duplicate_140660700469072.html#sub:demo-groupname-pre-flight-duplicate-140660700597328)  original-use: RelativeLocation(instructions_groupname.html#sub:demo-groupname-pre-flight)Created by function n/a()   in module n/a" type="failure"/>
		</testcase>
		<testcase name="note019">
			<failure message="Note  Repeated use of ID &quot;demo-groupname-run:section&quot;These are the locations indicated:  repeated-use: RelativeLocation(instructions_groupname_duplicate_140660700469072.html#demo-groupname-run:section-duplicate-140660700664528)  original-use: RelativeLocation(instructions_groupname.html#demo-groupname-run:section)Created by function n/a()   in module n/a" type="failure"/>
		</testcase>
		<testcase name="note020">
			<failure message="Note  Repeated use of ID &quot;sub:demo-groupname-run&quot;These are the locations indicated:  repeated-use: RelativeLocation(instructions_groupname_duplicate_140660700469072.html#sub:demo-groupname-run-duplicate-140660700597456)  original-use: RelativeLocation(instructions_groupname.html#sub:demo-groupname-run)Created by function n/a()   in module n/a" type="failure"/>
		</testcase>
		<testcase name="note021">
			<failure message="Note  Repeated use of ID &quot;demo-groupname-troubleshooting:section&quot;These are the locations indicated:  repeated-use: RelativeLocation(instructions_groupname_duplicate_140660700469072.html#demo-groupname-troubleshooting:section-duplicate-140660700664592)  original-use: RelativeLocation(instructions_groupname.html#demo-groupname-troubleshooting:section)Created by function n/a()   in module n/a" type="failure"/>
		</testcase>
		<testcase name="note022">
			<failure message="Note  Repeated use of ID &quot;sub:demo-groupname-troubleshooting&quot;These are the locations indicated:  repeated-use: RelativeLocation(instructions_groupname_duplicate_140660700469072.html#sub:demo-groupname-troubleshooting-duplicate-140660700597584)  original-use: RelativeLocation(instructions_groupname.html#sub:demo-groupname-troubleshooting)Created by function n/a()   in module n/a" type="failure"/>
		</testcase>
		<testcase name="note023">
			<failure message="Note  Repeated use of ID &quot;demo-groupname-failure:section&quot;These are the locations indicated:  repeated-use: RelativeLocation(instructions_groupname_duplicate_140660700469072.html#demo-groupname-failure:section-duplicate-140660700664912)  original-use: RelativeLocation(instructions_groupname.html#demo-groupname-failure:section)Created by function n/a()   in module n/a" type="failure"/>
		</testcase>
		<testcase name="note024">
			<failure message="Note  Repeated use of ID &quot;sub:demo-groupname-failure&quot;These are the locations indicated:  repeated-use: RelativeLocation(instructions_groupname_duplicate_140660700469072.html#sub:demo-groupname-failure-duplicate-140660700597648)  original-use: RelativeLocation(instructions_groupname.html#sub:demo-groupname-failure)Created by function n/a()   in module n/a" type="failure"/>
		</testcase>
	</testsuite>
</testsuites>
